<?xml version="1.0" encoding="UTF-8"?>
<!-- Generated by org.testng.reporters.JUnitXMLReporter -->
<testsuite hostname="DESKTOP-LG4283L" ignored="0" name="Home Page" tests="3" failures="0" timestamp="2020-07-04T21:33:06 IST" time="33.827" errors="0">
  <testcase name="verifyHeader" time="0.097" classname="framework.VerifyNavigationBarTest"/>
  <testcase name="verifyPracticePageNavigation" time="25.082" classname="framework.PracticePageTest"/>
  <testcase name="homePageNavigation" time="3.477" classname="framework.HomePageTest"/>
</testsuite> <!-- Home Page -->
