<?xml version="1.0" encoding="UTF-8"?>
<!-- Generated by org.testng.reporters.JUnitXMLReporter -->
<testsuite hostname="DESKTOP-LG4283L" ignored="0" name="Test" tests="6" failures="0" timestamp="2020-07-03T12:48:20 IST" time="42.298" errors="0">
  <testcase name="homePageNavigation" time="7.099" classname="framework.HomePageTest"/>
  <testcase name="homePageNavigation" time="2.576" classname="framework.HomePageTest"/>
  <testcase name="verifyTitle" time="0.038" classname="framework.VerifyTitleTest"/>
  <testcase name="verifyPracticePageNavigation" time="7.088" classname="framework.PracticePageTest"/>
  <testcase name="verifySelectBoxClick" time="0.828" classname="framework.PracticePageTest"/>
  <testcase name="verifyHeader" time="0.099" classname="framework.VerifyNavigationBarTest"/>
</testsuite> <!-- Test -->
