<?xml version="1.0" encoding="UTF-8"?>
<!-- Generated by org.testng.reporters.JUnitXMLReporter -->
<testsuite hostname="DESKTOP-LG4283L" ignored="0" name="Verifying title" tests="2" failures="1" timestamp="2020-07-04T21:33:03 IST" time="29.411" errors="0">
  <testcase name="verifyTitle" time="0.061" classname="framework.VerifyTitleTest">
    <failure type="junit.framework.ComparisonFailure" message="expected:&amp;lt;...&amp;gt; but was:&amp;lt;...123&amp;gt;">
      <![CDATA[junit.framework.ComparisonFailure: expected:<...> but was:<...123>
at junit.framework.Assert.assertEquals(Assert.java:81)
at junit.framework.Assert.assertEquals(Assert.java:87)
at framework.VerifyTitleTest.verifyTitle(VerifyTitleTest.java:35)
at java.util.ArrayList.forEach(Unknown Source)
at java.util.concurrent.FutureTask.run(Unknown Source)
at java.util.concurrent.ThreadPoolExecutor.runWorker(Unknown Source)
at java.util.concurrent.ThreadPoolExecutor$Worker.run(Unknown Source)
at java.lang.Thread.run(Unknown Source)
... Removed 18 stack frames]]>
    </failure>
  </testcase> <!-- verifyTitle -->
  <testcase name="homePageNavigation" time="22.213" classname="framework.HomePageTest"/>
</testsuite> <!-- Verifying title -->
