<?xml version="1.0" encoding="UTF-8"?>
<!-- Generated by org.testng.reporters.JUnitXMLReporter -->
<testsuite hostname="DESKTOP-LG4283L" ignored="0" name="Home Page" tests="6" failures="1" timestamp="2020-07-05T19:51:49 IST" time="35.894" errors="0">
  <testcase name="verifyHeader" time="0.067" classname="framework.VerifyNavigationBarTest"/>
  <testcase name="verifyTitle" time="0.043" classname="framework.VerifyTitleTest">
    <failure type="junit.framework.ComparisonFailure" message="expected:&amp;lt;...&amp;gt; but was:&amp;lt;...123&amp;gt;">
      <![CDATA[junit.framework.ComparisonFailure: expected:<...> but was:<...123>
at junit.framework.Assert.assertEquals(Assert.java:81)
at junit.framework.Assert.assertEquals(Assert.java:87)
at framework.VerifyTitleTest.verifyTitle(VerifyTitleTest.java:35)
at java.util.ArrayList.forEach(ArrayList.java:1257)
at java.util.concurrent.FutureTask.run(FutureTask.java:266)
at java.util.concurrent.ThreadPoolExecutor.runWorker(ThreadPoolExecutor.java:1149)
at java.util.concurrent.ThreadPoolExecutor$Worker.run(ThreadPoolExecutor.java:624)
at java.lang.Thread.run(Thread.java:748)
... Removed 18 stack frames]]>
    </failure>
  </testcase> <!-- verifyTitle -->
  <testcase name="homePageNavigation" time="20.642" classname="framework.HomePageTest"/>
  <testcase name="homePageNavigation" time="5.522" classname="framework.HomePageTest"/>
  <testcase name="verifyPracticePageNavigation" time="30.988" classname="framework.PracticePageTest"/>
  <testcase name="verifySelectBoxClick" time="0.411" classname="framework.PracticePageTest"/>
</testsuite> <!-- Home Page -->
