-------------------------------------------------------------------------------
Test set: TestSuite
-------------------------------------------------------------------------------
Tests run: 6, Failures: 1, Errors: 0, Skipped: 0, Time elapsed: 42.596 s <<< FAILURE! - in TestSuite
framework.VerifyTitleTest.verifyTitle  Time elapsed: 0.05 s  <<< FAILURE!
junit.framework.ComparisonFailure: expected:<...> but was:<...123>
	at framework.VerifyTitleTest.verifyTitle(VerifyTitleTest.java:35)

