<?xml version="1.0" encoding="UTF-8"?>
<testsuite xmlns:xsi="http://www.w3.org/2001/XMLSchema-instance" xsi:noNamespaceSchemaLocation="https://maven.apache.org/surefire/maven-surefire-plugin/xsd/surefire-test-report-3.0.xsd" version="3.0" name="TestSuite" time="42.596" tests="6" errors="0" skipped="0" failures="1">
  <properties>
[...]
</properties>
  <testcase name="verifyHeader" classname="framework.VerifyNavigationBarTest" time="0.069">
    <system-out><![CDATA[chrome
chrome
chrome
chrome
]]></system-out>
    <system-err><![CDATA[Starting ChromeDriver 83.S0t.a4r1S0tt3a.i3rnt9gi  (nCcghc bCrfohr0m1oe1mDecbDr2ridiv2bevr19 eb853r0. 60.d884143403.4.000394.8 (43c81c601bf3304.12c132c9b02c dd2-(bcr1ce9fbsbf/50b0r16a1ndcc8bh42-4dh42eb0a1d90sb/54804361d808641334@44{200c#24048c3d18-6r6e1f3})s4 2/cob2nr0a cpdno-rrecfhts- /h3b9er3aa4dns6ch/
-4hO1en0al3dy@s/ {l4#1o40c13a6l@} {)#c 4oo1n6n}en)c t poinoo nrspto  rta2 9r413e64 
7Oanl8ly lloo
cwaOel ndco.lnnye
 clPtoilcoanelsa  acsroee n ansleleocewti oenhsd t.atr
ep Pals:el/al/socewh ersdoe.mee 
hdtPtrpilvsee:ar/s./cechh rsrooemmeed hirtuitmvpes.:r/o/.rccgh/hsrrooemmcuierudmr.iivoterrgy./-sccohenrcsuoimrdiieutryma.-tcoiroongns/sis defceorurra itsituyogn-gcse osfntsoiiro dnsesur agogtnie sokntesiep oinfngso r Cho rosnm ueDkgrgeiveeepsr itsniaogf nesC.h ro
nom ekDereipvienrg  sCahfroem.eD
river safe.
Starting ChromeDriver 83.0.4103.39 (ccbf011cb2d2b19b506d844400483861342c20cd-refs/branch-heads/4103@{#416}) on port 5536
Only local connections are allowed.
Please see https://chromedriver.chromium.org/security-considerations for suggestions on keeping ChromeDriver safe.
CCCChhhhrrrroooommmeeemDDDrerriDiirvvieevrre  wwaarss  v wsesartts aa wrrsatttseea ddrs  ttsseauudrcc tccseeeudssc sscsffeuuuscllscllfeyyus..lslf

yu.ll
y.
Jul 05, 2020 7:51:14 PM org.openqa.selenium.remote.ProtocolHandshake createSession
INFO: Detected dialect: W3C
Jul 05, 2020 7:51:14 PM org.openqa.selenium.remote.ProtocolHandshake createSession
INFO: Detected dialect: W3C
Jul 05, 2020 7:51:14 PM org.openqa.selenium.remote.ProtocolHandshake createSession
INFO: Detected dialect: W3C
Jul 05, 2020 7:51:14 PM org.openqa.selenium.remote.ProtocolHandshake createSession
INFO: Detected dialect: W3C
]]></system-err>
  </testcase>
  <testcase name="verifyTitle" classname="framework.VerifyTitleTest" time="0.05">
    <failure message="expected:&lt;...&gt; but was:&lt;...123&gt;" type="junit.framework.ComparisonFailure"><![CDATA[junit.framework.ComparisonFailure: expected:<...> but was:<...123>
	at framework.VerifyTitleTest.verifyTitle(VerifyTitleTest.java:35)
]]></failure>
  </testcase>
  <testcase name="homePageNavigation[nonrestricteduser@gmail.com, 123456](1)" classname="framework.HomePageTest" time="4.237"/>
  <testcase name="homePageNavigation[restricteduser@gmail.com, 5678](2)" classname="framework.HomePageTest" time="5.522"/>
  <testcase name="verifyPracticePageNavigation" classname="framework.PracticePageTest" time="10.343"/>
  <testcase name="verifySelectBoxClick" classname="framework.PracticePageTest" time="0.412"/>
</testsuite>